{"/Users/yagneshmodh/Documents/Projects/delloite_react_jan/src/components/Product/Product.tsx": {"path":"/Users/yagneshmodh/Documents/Projects/delloite_react_jan/src/components/Product/Product.tsx","statementMap":{"0":{"start":{"line":6,"column":16},"end":{"line":106,"column":1}},"1":{"start":{"line":16,"column":2},"end":{"line":105,"column":4}},"2":{"start":{"line":55,"column":18},"end":{"line":58,"column":21}},"3":{"start":{"line":72,"column":18},"end":{"line":79,"column":19}},"4":{"start":{"line":73,"column":20},"end":{"line":76,"column":23}},"5":{"start":{"line":78,"column":20},"end":{"line":78,"column":45}},"6":{"start":{"line":92,"column":16},"end":{"line":95,"column":19}}},"fnMap":{"0":{"name":"(anonymous_0)","decl":{"start":{"line":6,"column":16},"end":{"line":6,"column":17}},"loc":{"start":{"line":15,"column":13},"end":{"line":106,"column":1}},"line":15},"1":{"name":"(anonymous_1)","decl":{"start":{"line":54,"column":25},"end":{"line":54,"column":26}},"loc":{"start":{"line":54,"column":31},"end":{"line":59,"column":17}},"line":54},"2":{"name":"(anonymous_2)","decl":{"start":{"line":71,"column":25},"end":{"line":71,"column":26}},"loc":{"start":{"line":71,"column":31},"end":{"line":80,"column":17}},"line":71},"3":{"name":"(anonymous_3)","decl":{"start":{"line":91,"column":23},"end":{"line":91,"column":24}},"loc":{"start":{"line":91,"column":29},"end":{"line":96,"column":15}},"line":91}},"branchMap":{"0":{"loc":{"start":{"line":48,"column":11},"end":{"line":101,"column":11}},"type":"cond-expr","locations":[{"start":{"line":49,"column":12},"end":{"line":85,"column":18}},{"start":{"line":87,"column":12},"end":{"line":100,"column":21}}],"line":48},"1":{"loc":{"start":{"line":70,"column":26},"end":{"line":70,"column":73}},"type":"cond-expr","locations":[{"start":{"line":70,"column":50},"end":{"line":70,"column":60}},{"start":{"line":70,"column":63},"end":{"line":70,"column":73}}],"line":70},"2":{"loc":{"start":{"line":72,"column":18},"end":{"line":79,"column":19}},"type":"if","locations":[{"start":{"line":72,"column":18},"end":{"line":79,"column":19}},{"start":{"line":77,"column":25},"end":{"line":79,"column":19}}],"line":72}},"s":{"0":1,"1":7,"2":1,"3":2,"4":1,"5":1,"6":1},"f":{"0":7,"1":1,"2":2,"3":1},"b":{"0":[4,3],"1":[1,3],"2":[1,1]},"_coverageSchema":"1a1c01bbd47fc00a2c39e90264f33305004495a9","hash":"4a15928b0df8dd6b7065b3d49155d4e23f706c42"}
,"/Users/yagneshmodh/Documents/Projects/delloite_react_jan/src/components/Rating/index.tsx": {"path":"/Users/yagneshmodh/Documents/Projects/delloite_react_jan/src/components/Rating/index.tsx","statementMap":{"0":{"start":{"line":10,"column":15},"end":{"line":38,"column":1}},"1":{"start":{"line":11,"column":2},"end":{"line":37,"column":4}},"2":{"start":{"line":17,"column":12},"end":{"line":25,"column":14}}},"fnMap":{"0":{"name":"(anonymous_0)","decl":{"start":{"line":10,"column":15},"end":{"line":10,"column":16}},"loc":{"start":{"line":10,"column":43},"end":{"line":38,"column":1}},"line":10},"1":{"name":"(anonymous_1)","decl":{"start":{"line":16,"column":31},"end":{"line":16,"column":32}},"loc":{"start":{"line":17,"column":12},"end":{"line":25,"column":14}},"line":17}},"branchMap":{},"s":{"0":2,"1":11,"2":55},"f":{"0":11,"1":55},"b":{},"_coverageSchema":"1a1c01bbd47fc00a2c39e90264f33305004495a9","hash":"f8db4c0264aa6576e9c37cf4688607fb495a6e3e"}
}
