TN:
SF:src/components/Product/Product.tsx
FN:6,(anonymous_0)
FN:54,(anonymous_1)
FN:71,(anonymous_2)
FN:91,(anonymous_3)
FNF:4
FNH:2
FNDA:3,(anonymous_0)
FNDA:0,(anonymous_1)
FNDA:0,(anonymous_2)
FNDA:1,(anonymous_3)
DA:6,1
DA:16,3
DA:55,0
DA:72,0
DA:73,0
DA:78,0
DA:92,1
LF:7
LH:3
BRDA:48,0,0,0
BRDA:48,0,1,3
BRDA:70,1,0,0
BRDA:70,1,1,0
BRDA:72,2,0,0
BRDA:72,2,1,0
BRF:6
BRH:1
end_of_record
TN:
SF:src/components/Rating/index.tsx
FN:10,(anonymous_0)
FN:16,(anonymous_1)
FNF:2
FNH:2
FNDA:7,(anonymous_0)
FNDA:35,(anonymous_1)
DA:10,2
DA:11,7
DA:17,35
LF:3
LH:3
BRF:0
BRH:0
end_of_record
